This is pdfTeX, Version 3.141592653-2.6-1.40.25 (TeX Live 2023/Debian) (preloaded format=pdflatex 2024.4.22)  15 AUG 2024 16:31
entering extended mode
 restricted \write18 enabled.
 %&-line parsing enabled.
**comision.tex
(./comision.tex
LaTeX2e <2023-11-01> patch level 1
L3 programming layer <2024-01-22>
(/usr/share/texlive/texmf-dist/tex/latex/base/article.cls
Document Class: article 2023/05/17 v1.4n Standard LaTeX document class
(/usr/share/texlive/texmf-dist/tex/latex/base/size11.clo
File: size11.clo 2023/05/17 v1.4n Standard LaTeX file (size option)
)
\c@part=\count187
\c@section=\count188
\c@subsection=\count189
\c@subsubsection=\count190
\c@paragraph=\count191
\c@subparagraph=\count192
\c@figure=\count193
\c@table=\count194
\abovecaptionskip=\skip48
\belowcaptionskip=\skip49
\bibindent=\dimen140
)
(/usr/share/texlive/texmf-dist/tex/latex/base/fontenc.sty
Package: fontenc 2021/04/29 v2.0v Standard LaTeX package
)
(/usr/share/texlive/texmf-dist/tex/latex/geometry/geometry.sty
Package: geometry 2020/01/02 v5.9 Page Geometry

(/usr/share/texlive/texmf-dist/tex/latex/graphics/keyval.sty
Package: keyval 2022/05/29 v1.15 key=value parser (DPC)
\KV@toks@=\toks17
)
(/usr/share/texlive/texmf-dist/tex/generic/iftex/ifvtex.sty
Package: ifvtex 2019/10/25 v1.7 ifvtex legacy package. Use iftex instead.

(/usr/share/texlive/texmf-dist/tex/generic/iftex/iftex.sty
Package: iftex 2022/02/03 v1.0f TeX engine tests
))
\Gm@cnth=\count195
\Gm@cntv=\count196
\c@Gm@tempcnt=\count197
\Gm@bindingoffset=\dimen141
\Gm@wd@mp=\dimen142
\Gm@odd@mp=\dimen143
\Gm@even@mp=\dimen144
\Gm@layoutwidth=\dimen145
\Gm@layoutheight=\dimen146
\Gm@layouthoffset=\dimen147
\Gm@layoutvoffset=\dimen148
\Gm@dimlist=\toks18
)
(/usr/share/texlive/texmf-dist/tex/latex/graphics/graphicx.sty
Package: graphicx 2021/09/16 v1.2d Enhanced LaTeX Graphics (DPC,SPQR)

(/usr/share/texlive/texmf-dist/tex/latex/graphics/graphics.sty
Package: graphics 2022/03/10 v1.4e Standard LaTeX Graphics (DPC,SPQR)

(/usr/share/texlive/texmf-dist/tex/latex/graphics/trig.sty
Package: trig 2021/08/11 v1.11 sin cos tan (DPC)
)
(/usr/share/texlive/texmf-dist/tex/latex/graphics-cfg/graphics.cfg
File: graphics.cfg 2016/06/04 v1.11 sample graphics configuration
)
Package graphics Info: Driver file: pdftex.def on input line 107.

(/usr/share/texlive/texmf-dist/tex/latex/graphics-def/pdftex.def
File: pdftex.def 2022/09/22 v1.2b Graphics/color driver for pdftex
))
\Gin@req@height=\dimen149
\Gin@req@width=\dimen150
)
(/usr/share/texlive/texmf-dist/tex/latex/mathtools/mathtools.sty
Package: mathtools 2022/06/29 v1.29 mathematical typesetting tools

(/usr/share/texlive/texmf-dist/tex/latex/tools/calc.sty
Package: calc 2023/07/08 v4.3 Infix arithmetic (KKT,FJ)
\calc@Acount=\count198
\calc@Bcount=\count199
\calc@Adimen=\dimen151
\calc@Bdimen=\dimen152
\calc@Askip=\skip50
\calc@Bskip=\skip51
LaTeX Info: Redefining \setlength on input line 80.
LaTeX Info: Redefining \addtolength on input line 81.
\calc@Ccount=\count266
\calc@Cskip=\skip52
)
(/usr/share/texlive/texmf-dist/tex/latex/mathtools/mhsetup.sty
Package: mhsetup 2021/03/18 v1.4 programming setup (MH)
)
(/usr/share/texlive/texmf-dist/tex/latex/amsmath/amsmath.sty
Package: amsmath 2023/05/13 v2.17o AMS math features
\@mathmargin=\skip53

For additional information on amsmath, use the `?' option.
(/usr/share/texlive/texmf-dist/tex/latex/amsmath/amstext.sty
Package: amstext 2021/08/26 v2.01 AMS text

(/usr/share/texlive/texmf-dist/tex/latex/amsmath/amsgen.sty
File: amsgen.sty 1999/11/30 v2.0 generic functions
\@emptytoks=\toks19
\ex@=\dimen153
))
(/usr/share/texlive/texmf-dist/tex/latex/amsmath/amsbsy.sty
Package: amsbsy 1999/11/29 v1.2d Bold Symbols
\pmbraise@=\dimen154
)
(/usr/share/texlive/texmf-dist/tex/latex/amsmath/amsopn.sty
Package: amsopn 2022/04/08 v2.04 operator names
)
\inf@bad=\count267
LaTeX Info: Redefining \frac on input line 234.
\uproot@=\count268
\leftroot@=\count269
LaTeX Info: Redefining \overline on input line 399.
LaTeX Info: Redefining \colon on input line 410.
\classnum@=\count270
\DOTSCASE@=\count271
LaTeX Info: Redefining \ldots on input line 496.
LaTeX Info: Redefining \dots on input line 499.
LaTeX Info: Redefining \cdots on input line 620.
\Mathstrutbox@=\box51
\strutbox@=\box52
LaTeX Info: Redefining \big on input line 722.
LaTeX Info: Redefining \Big on input line 723.
LaTeX Info: Redefining \bigg on input line 724.
LaTeX Info: Redefining \Bigg on input line 725.
\big@size=\dimen155
LaTeX Font Info:    Redeclaring font encoding OML on input line 743.
LaTeX Font Info:    Redeclaring font encoding OMS on input line 744.
\macc@depth=\count272
LaTeX Info: Redefining \bmod on input line 905.
LaTeX Info: Redefining \pmod on input line 910.
LaTeX Info: Redefining \smash on input line 940.
LaTeX Info: Redefining \relbar on input line 970.
LaTeX Info: Redefining \Relbar on input line 971.
\c@MaxMatrixCols=\count273
\dotsspace@=\muskip16
\c@parentequation=\count274
\dspbrk@lvl=\count275
\tag@help=\toks20
\row@=\count276
\column@=\count277
\maxfields@=\count278
\andhelp@=\toks21
\eqnshift@=\dimen156
\alignsep@=\dimen157
\tagshift@=\dimen158
\tagwidth@=\dimen159
\totwidth@=\dimen160
\lineht@=\dimen161
\@envbody=\toks22
\multlinegap=\skip54
\multlinetaggap=\skip55
\mathdisplay@stack=\toks23
LaTeX Info: Redefining \[ on input line 2953.
LaTeX Info: Redefining \] on input line 2954.
)
\g_MT_multlinerow_int=\count279
\l_MT_multwidth_dim=\dimen162
\origjot=\skip56
\l_MT_shortvdotswithinadjustabove_dim=\dimen163
\l_MT_shortvdotswithinadjustbelow_dim=\dimen164
\l_MT_above_intertext_sep=\dimen165
\l_MT_below_intertext_sep=\dimen166
\l_MT_above_shortintertext_sep=\dimen167
\l_MT_below_shortintertext_sep=\dimen168
\xmathstrut@box=\box53
\xmathstrut@dim=\dimen169
)
(/usr/share/texlive/texmf-dist/tex/latex/amsfonts/amssymb.sty
Package: amssymb 2013/01/14 v3.01 AMS font symbols

(/usr/share/texlive/texmf-dist/tex/latex/amsfonts/amsfonts.sty
Package: amsfonts 2013/01/14 v3.01 Basic AMSFonts support
\symAMSa=\mathgroup4
\symAMSb=\mathgroup5
LaTeX Font Info:    Redeclaring math symbol \hbar on input line 98.
LaTeX Font Info:    Overwriting math alphabet `\mathfrak' in version `bold'
(Font)                  U/euf/m/n --> U/euf/b/n on input line 106.
))
(/usr/share/texlive/texmf-dist/tex/latex/amscls/amsthm.sty
Package: amsthm 2020/05/29 v2.20.6
\thm@style=\toks24
\thm@bodyfont=\toks25
\thm@headfont=\toks26
\thm@notefont=\toks27
\thm@headpunct=\toks28
\thm@preskip=\skip57
\thm@postskip=\skip58
\thm@headsep=\skip59
\dth@everypar=\toks29
)
(/usr/share/texlive/texmf-dist/tex/latex/xcolor/xcolor.sty
Package: xcolor 2023/11/15 v3.01 LaTeX color extensions (UK)

(/usr/share/texlive/texmf-dist/tex/latex/graphics-cfg/color.cfg
File: color.cfg 2016/01/02 v1.6 sample color configuration
)
Package xcolor Info: Driver file: pdftex.def on input line 274.

(/usr/share/texlive/texmf-dist/tex/latex/graphics/mathcolor.ltx)
Package xcolor Info: Model `cmy' substituted by `cmy0' on input line 1350.
Package xcolor Info: Model `hsb' substituted by `rgb' on input line 1354.
Package xcolor Info: Model `RGB' extended on input line 1366.
Package xcolor Info: Model `HTML' substituted by `rgb' on input line 1368.
Package xcolor Info: Model `Hsb' substituted by `hsb' on input line 1369.
Package xcolor Info: Model `tHsb' substituted by `hsb' on input line 1370.
Package xcolor Info: Model `HSB' substituted by `hsb' on input line 1371.
Package xcolor Info: Model `Gray' substituted by `gray' on input line 1372.
Package xcolor Info: Model `wave' substituted by `hsb' on input line 1373.
)
(/usr/share/texlive/texmf-dist/tex/generic/babel/babel.sty
Package: babel 2024/01/07 v24.1 The Babel package
\babel@savecnt=\count280
\U@D=\dimen170
\l@unhyphenated=\language89

(/usr/share/texlive/texmf-dist/tex/generic/babel/txtbabel.def)
\bbl@readstream=\read2
\bbl@dirlevel=\count281

(/usr/share/texlive/texmf-dist/tex/generic/babel-spanish/spanish.ldf
Language: spanish.ldf 2021/05/27 v5.0q Spanish support from the babel system
\es@quottoks=\toks30
\es@quotdepth=\count282
Package babel Info: Making " an active character on input line 570.
Package babel Info: Making . an active character on input line 675.
Package babel Info: Making < an active character on input line 722.
Package babel Info: Making > an active character on input line 722.
))
(/usr/share/texlive/texmf-dist/tex/generic/babel/locale/es/babel-spanish.tex
Package babel Info: Importing font and identification data for spanish
(babel)             from babel-es.ini. Reported on input line 11.
)
(/usr/share/texlive/texmf-dist/tex/latex/hyperref/hyperref.sty
Package: hyperref 2024-01-20 v7.01h Hypertext links for LaTeX

(/usr/share/texlive/texmf-dist/tex/latex/kvsetkeys/kvsetkeys.sty
Package: kvsetkeys 2022-10-05 v1.19 Key value parser (HO)
)
(/usr/share/texlive/texmf-dist/tex/generic/kvdefinekeys/kvdefinekeys.sty
Package: kvdefinekeys 2019-12-19 v1.6 Define keys (HO)
)
(/usr/share/texlive/texmf-dist/tex/generic/pdfescape/pdfescape.sty
Package: pdfescape 2019/12/09 v1.15 Implements pdfTeX's escape features (HO)

(/usr/share/texlive/texmf-dist/tex/generic/ltxcmds/ltxcmds.sty
Package: ltxcmds 2023-12-04 v1.26 LaTeX kernel commands for general use (HO)
)
(/usr/share/texlive/texmf-dist/tex/generic/pdftexcmds/pdftexcmds.sty
Package: pdftexcmds 2020-06-27 v0.33 Utility functions of pdfTeX for LuaTeX (HO
)

(/usr/share/texlive/texmf-dist/tex/generic/infwarerr/infwarerr.sty
Package: infwarerr 2019/12/03 v1.5 Providing info/warning/error messages (HO)
)
Package pdftexcmds Info: \pdf@primitive is available.
Package pdftexcmds Info: \pdf@ifprimitive is available.
Package pdftexcmds Info: \pdfdraftmode found.
))
(/usr/share/texlive/texmf-dist/tex/latex/hycolor/hycolor.sty
Package: hycolor 2020-01-27 v1.10 Color options for hyperref/bookmark (HO)
)
(/usr/share/texlive/texmf-dist/tex/latex/auxhook/auxhook.sty
Package: auxhook 2019-12-17 v1.6 Hooks for auxiliary files (HO)
)
(/usr/share/texlive/texmf-dist/tex/latex/hyperref/nameref.sty
Package: nameref 2023-11-26 v2.56 Cross-referencing by name of section

(/usr/share/texlive/texmf-dist/tex/latex/refcount/refcount.sty
Package: refcount 2019/12/15 v3.6 Data extraction from label references (HO)
)
(/usr/share/texlive/texmf-dist/tex/generic/gettitlestring/gettitlestring.sty
Package: gettitlestring 2019/12/15 v1.6 Cleanup title references (HO)

(/usr/share/texlive/texmf-dist/tex/latex/kvoptions/kvoptions.sty
Package: kvoptions 2022-06-15 v3.15 Key value format for package options (HO)
))
\c@section@level=\count283
)
(/usr/share/texlive/texmf-dist/tex/latex/etoolbox/etoolbox.sty
Package: etoolbox 2020/10/05 v2.5k e-TeX tools for LaTeX (JAW)
\etb@tempcnta=\count284
)
\@linkdim=\dimen171
\Hy@linkcounter=\count285
\Hy@pagecounter=\count286

(/usr/share/texlive/texmf-dist/tex/latex/hyperref/pd1enc.def
File: pd1enc.def 2024-01-20 v7.01h Hyperref: PDFDocEncoding definition (HO)
Now handling font encoding PD1 ...
... no UTF-8 mapping file for font encoding PD1
)
(/usr/share/texlive/texmf-dist/tex/generic/intcalc/intcalc.sty
Package: intcalc 2019/12/15 v1.3 Expandable calculations with integers (HO)
)
\Hy@SavedSpaceFactor=\count287

(/usr/share/texlive/texmf-dist/tex/latex/hyperref/puenc.def
File: puenc.def 2024-01-20 v7.01h Hyperref: PDF Unicode definition (HO)
Now handling font encoding PU ...
... no UTF-8 mapping file for font encoding PU
)
Package hyperref Info: Hyper figures OFF on input line 4179.
Package hyperref Info: Link nesting OFF on input line 4184.
Package hyperref Info: Hyper index ON on input line 4187.
Package hyperref Info: Plain pages OFF on input line 4194.
Package hyperref Info: Backreferencing OFF on input line 4199.
Package hyperref Info: Implicit mode ON; LaTeX internals redefined.
Package hyperref Info: Bookmarks ON on input line 4446.
\c@Hy@tempcnt=\count288

(/usr/share/texlive/texmf-dist/tex/latex/url/url.sty
\Urlmuskip=\muskip17
Package: url 2013/09/16  ver 3.4  Verb mode for urls, etc.
)
LaTeX Info: Redefining \url on input line 4784.
\XeTeXLinkMargin=\dimen172

(/usr/share/texlive/texmf-dist/tex/generic/bitset/bitset.sty
Package: bitset 2019/12/09 v1.3 Handle bit-vector datatype (HO)

(/usr/share/texlive/texmf-dist/tex/generic/bigintcalc/bigintcalc.sty
Package: bigintcalc 2019/12/15 v1.5 Expandable calculations on big integers (HO
)
))
\Fld@menulength=\count289
\Field@Width=\dimen173
\Fld@charsize=\dimen174
Package hyperref Info: Hyper figures OFF on input line 6063.
Package hyperref Info: Link nesting OFF on input line 6068.
Package hyperref Info: Hyper index ON on input line 6071.
Package hyperref Info: backreferencing OFF on input line 6078.
Package hyperref Info: Link coloring OFF on input line 6083.
Package hyperref Info: Link coloring with OCG OFF on input line 6088.
Package hyperref Info: PDF/A mode OFF on input line 6093.

(/usr/share/texlive/texmf-dist/tex/latex/base/atbegshi-ltx.sty
Package: atbegshi-ltx 2021/01/10 v1.0c Emulation of the original atbegshi
package with kernel methods
)
\Hy@abspage=\count290
\c@Item=\count291
\c@Hfootnote=\count292
)
Package hyperref Info: Driver (autodetected): hpdftex.

(/usr/share/texlive/texmf-dist/tex/latex/hyperref/hpdftex.def
File: hpdftex.def 2024-01-20 v7.01h Hyperref driver for pdfTeX

(/usr/share/texlive/texmf-dist/tex/latex/base/atveryend-ltx.sty
Package: atveryend-ltx 2020/08/19 v1.0a Emulation of the original atveryend pac
kage
with kernel methods
)
\Fld@listcount=\count293
\c@bookmark@seq@number=\count294

(/usr/share/texlive/texmf-dist/tex/latex/rerunfilecheck/rerunfilecheck.sty
Package: rerunfilecheck 2022-07-10 v1.10 Rerun checks for auxiliary files (HO)

(/usr/share/texlive/texmf-dist/tex/generic/uniquecounter/uniquecounter.sty
Package: uniquecounter 2019/12/15 v1.4 Provide unlimited unique counter (HO)
)
Package uniquecounter Info: New unique counter `rerunfilecheck' on input line 2
85.
)
\Hy@SectionHShift=\skip60
)
(/usr/share/texlive/texmf-dist/tex/latex/tools/longtable.sty
Package: longtable 2023-11-01 v4.19 Multi-page Table package (DPC)
\LTleft=\skip61
\LTright=\skip62
\LTpre=\skip63
\LTpost=\skip64
\LTchunksize=\count295
\LTcapwidth=\dimen175
\LT@head=\box54
\LT@firsthead=\box55
\LT@foot=\box56
\LT@lastfoot=\box57
\LT@gbox=\box58
\LT@cols=\count296
\LT@rows=\count297
\c@LT@tables=\count298
\c@LT@chunks=\count299
\LT@p@ftn=\toks31
)
(/usr/share/texlive/texmf-dist/tex/latex/l3backend/l3backend-pdftex.def
File: l3backend-pdftex.def 2024-01-04 L3 backend support: PDF output (pdfTeX)
\l__color_backend_stack_int=\count300
\l__pdf_internal_box=\box59
)
(./comision.aux
LaTeX Info: Redefining \. on input line 11.
LaTeX Info: Redefining \% on input line 11.
)
\openout1 = `comision.aux'.

LaTeX Font Info:    Checking defaults for OML/cmm/m/it on input line 14.
LaTeX Font Info:    ... okay on input line 14.
LaTeX Font Info:    Checking defaults for OMS/cmsy/m/n on input line 14.
LaTeX Font Info:    ... okay on input line 14.
LaTeX Font Info:    Checking defaults for OT1/cmr/m/n on input line 14.
LaTeX Font Info:    ... okay on input line 14.
LaTeX Font Info:    Checking defaults for T1/cmr/m/n on input line 14.
LaTeX Font Info:    ... okay on input line 14.
LaTeX Font Info:    Checking defaults for TS1/cmr/m/n on input line 14.
LaTeX Font Info:    ... okay on input line 14.
LaTeX Font Info:    Checking defaults for OMX/cmex/m/n on input line 14.
LaTeX Font Info:    ... okay on input line 14.
LaTeX Font Info:    Checking defaults for U/cmr/m/n on input line 14.
LaTeX Font Info:    ... okay on input line 14.
LaTeX Font Info:    Checking defaults for PD1/pdf/m/n on input line 14.
LaTeX Font Info:    ... okay on input line 14.
LaTeX Font Info:    Checking defaults for PU/pdf/m/n on input line 14.
LaTeX Font Info:    ... okay on input line 14.

*geometry* driver: auto-detecting
*geometry* detected driver: pdftex
*geometry* verbose mode - [ preamble ] result:
* driver: pdftex
* paper: a4paper
* layout: <same size as paper>
* layoutoffset:(h,v)=(0.0pt,0.0pt)
* modes: 
* h-part:(L,W,R)=(14.22638pt, 569.05511pt, 14.22638pt)
* v-part:(T,H,B)=(42.11008pt, 739.77165pt, 63.16512pt)
* \paperwidth=597.50787pt
* \paperheight=845.04684pt
* \textwidth=569.05511pt
* \textheight=739.77165pt
* \oddsidemargin=-58.04361pt
* \evensidemargin=-58.04361pt
* \topmargin=-67.15991pt
* \headheight=12.0pt
* \headsep=25.0pt
* \topskip=11.0pt
* \footskip=30.0pt
* \marginparwidth=50.0pt
* \marginparsep=10.0pt
* \columnsep=10.0pt
* \skip\footins=10.0pt plus 4.0pt minus 2.0pt
* \hoffset=0.0pt
* \voffset=0.0pt
* \mag=1000
* \@twocolumnfalse
* \@twosidefalse
* \@mparswitchfalse
* \@reversemarginfalse
* (1in=72.27pt=25.4mm, 1cm=28.453pt)

(/usr/share/texlive/texmf-dist/tex/context/base/mkii/supp-pdf.mkii
[Loading MPS to PDF converter (version 2006.09.02).]
\scratchcounter=\count301
\scratchdimen=\dimen176
\scratchbox=\box60
\nofMPsegments=\count302
\nofMParguments=\count303
\everyMPshowfont=\toks32
\MPscratchCnt=\count304
\MPscratchDim=\dimen177
\MPnumerator=\count305
\makeMPintoPDFobject=\count306
\everyMPtoPDFconversion=\toks33
) (/usr/share/texlive/texmf-dist/tex/latex/epstopdf-pkg/epstopdf-base.sty
Package: epstopdf-base 2020-01-24 v2.11 Base part for package epstopdf
Package epstopdf-base Info: Redefining graphics rule for `.eps' on input line 4
85.

(/usr/share/texlive/texmf-dist/tex/latex/latexconfig/epstopdf-sys.cfg
File: epstopdf-sys.cfg 2010/07/13 v1.3 Configuration of (r)epstopdf for TeX Liv
e
))
LaTeX Info: Redefining \. on input line 14.
LaTeX Info: Redefining \% on input line 14.
Package hyperref Info: Link coloring OFF on input line 14.

(./comision.out) (./comision.out)
\@outlinefile=\write3
\openout3 = `comision.out'.

LaTeX Font Info:    Trying to load font information for U+msa on input line 18.


(/usr/share/texlive/texmf-dist/tex/latex/amsfonts/umsa.fd
File: umsa.fd 2013/01/14 v3.01 AMS symbols A
)
LaTeX Font Info:    Trying to load font information for U+msb on input line 18.


(/usr/share/texlive/texmf-dist/tex/latex/amsfonts/umsb.fd
File: umsb.fd 2013/01/14 v3.01 AMS symbols B
)
<logo.png, id=4, 224.84pt x 225.84375pt>
File: logo.png Graphic file (type png)
<use logo.png>
Package pdftex.def Info: logo.png  used on input line 22.
(pdftex.def)             Requested size: 78.69518pt x 79.04648pt.

Underfull \hbox (badness 10000) in paragraph at lines 99--99
[]\T1/cmr/bx/n/10.95 ASPECTO DIS-CI-
 []


Underfull \hbox (badness 10000) in paragraph at lines 99--99
[]\T1/cmr/bx/n/10.95 ¾QUÉ PRO-PO-NE
 []


Underfull \hbox (badness 3323) in paragraph at lines 99--99
\T1/cmr/m/n/10.95 fuer-za por se-guir las
 []


Underfull \hbox (badness 1028) in paragraph at lines 99--99
\T1/cmr/m/n/10.95 por-ta-mien-to ha dis-mi-
 []


Underfull \hbox (badness 2529) in paragraph at lines 99--99
\T1/cmr/m/n/10.95 los pa-dres de fa-mi-lia
 []


Underfull \hbox (badness 2744) in paragraph at lines 99--99
\T1/cmr/m/n/10.95 apo-ya cons-tan-te-men-te,
 []


Underfull \hbox (badness 6428) in paragraph at lines 99--99
\T1/cmr/m/n/10.95 do dé-ci-mo son muy
 []


Underfull \hbox (badness 4792) in paragraph at lines 99--99
[]\T1/cmr/m/n/10.95 El es-tu-dian-te Sa-muel
 []


Underfull \hbox (badness 2591) in paragraph at lines 99--99
\T1/cmr/m/n/10.95 ca de la im-por-tan-cia
 []


Underfull \hbox (badness 3118) in paragraph at lines 99--99
\T1/cmr/m/n/10.95 es-fuer-cen más en las
 []


Underfull \hbox (badness 2680) in paragraph at lines 99--99
\T1/cmr/m/n/10.95 bá-si-co, y en aque-llas
 []

[1

{/var/lib/texmf/fonts/map/pdftex/updmap/pdftex.map}{/usr/share/texmf/fonts/enc/
dvips/cm-super/cm-super-t1.enc} <./logo.png>]
Underfull \hbox (badness 10000) in paragraph at lines 106--106
[]|\T1/cmr/bx/n/10.95 ASPECTO DIS-
 []


Underfull \hbox (badness 6493) in paragraph at lines 106--106
[]|\T1/cmr/bx/n/10.95 ¾QUÉ HA HE-
 []


Underfull \hbox (badness 10000) in paragraph at lines 111--111
[]|\T1/cmr/bx/n/10.95 ASPECTO DIS-
 []


Underfull \hbox (badness 6493) in paragraph at lines 111--111
[]|\T1/cmr/bx/n/10.95 ¾QUÉ HA HE-
 []


Underfull \hbox (badness 10000) in paragraph at lines 116--116
[]|\T1/cmr/m/n/10.95 Acevedo Va-ne-gas
 []


Underfull \hbox (badness 6141) in paragraph at lines 118--118
[]|\T1/cmr/m/n/10.95 Es una es-tu-dian-te
 []


Underfull \hbox (badness 1648) in paragraph at lines 118--118
\T1/cmr/m/n/10.95 que si-gue las in-di-
 []


Underfull \hbox (badness 1275) in paragraph at lines 118--118
\T1/cmr/m/n/10.95 ca-cio-nes del do-cen-
 []


Underfull \hbox (badness 1817) in paragraph at lines 120--121
[]|\T1/cmr/m/n/10.95 La es-tu-dian-te pier-
 []


Underfull \hbox (badness 10000) in paragraph at lines 123--123
[]|\T1/cmr/m/n/10.95 Seguimiento con-
 []


Underfull \hbox (badness 4686) in paragraph at lines 123--123
\T1/cmr/m/n/10.95 ti-núo aca-dé-mi-co y
 []


Underfull \hbox (badness 7796) in paragraph at lines 123--123
\T1/cmr/m/n/10.95 con-vi-ven-cial de la
 []


Underfull \hbox (badness 10000) in paragraph at lines 123--123
\T1/cmr/m/n/10.95 es-tu-dian-te, se-gui-
 []


Underfull \hbox (badness 10000) in paragraph at lines 123--123
\T1/cmr/m/n/10.95 Diá-lo-go cons-tan-te
 []


Underfull \hbox (badness 8151) in paragraph at lines 123--123
\T1/cmr/m/n/10.95 con la es-tu-dian-te,
 []


Underfull \hbox (badness 4886) in paragraph at lines 123--123
\T1/cmr/m/n/10.95 pa-ñan-do to-dos los
 []


Underfull \hbox (badness 3724) in paragraph at lines 125--126
\T1/cmr/m/n/10.95 se-guir con-cien-ti-zan-
 []


Underfull \hbox (badness 2253) in paragraph at lines 125--126
\T1/cmr/m/n/10.95 do a los es-tu-dian-
 []


Underfull \hbox (badness 2753) in paragraph at lines 125--126
\T1/cmr/m/n/10.95 del co-le-gio, fo-men-
 []


Underfull \hbox (badness 6141) in paragraph at lines 132--132
[]|\T1/cmr/m/n/10.95 Es una es-tu-dian-te
 []


Underfull \hbox (badness 1648) in paragraph at lines 132--132
\T1/cmr/m/n/10.95 que si-gue las in-di-
 []


Underfull \hbox (badness 1275) in paragraph at lines 132--132
\T1/cmr/m/n/10.95 ca-cio-nes del do-cen-
 []


Underfull \hbox (badness 1038) in paragraph at lines 132--132
\T1/cmr/m/n/10.95 con-duc-ta en el au-
 []


Underfull \hbox (badness 1817) in paragraph at lines 134--135
[]|\T1/cmr/m/n/10.95 La es-tu-dian-te pier-
 []


Underfull \hbox (badness 10000) in paragraph at lines 137--137
[]|\T1/cmr/m/n/10.95 Seguimiento con-
 []


Underfull \hbox (badness 4686) in paragraph at lines 137--137
\T1/cmr/m/n/10.95 ti-núo aca-dé-mi-co y
 []


Underfull \hbox (badness 7796) in paragraph at lines 137--137
\T1/cmr/m/n/10.95 con-vi-ven-cial de la
 []


Underfull \hbox (badness 10000) in paragraph at lines 137--137
\T1/cmr/m/n/10.95 es-tu-dian-te, se-gui-
 []


Underfull \hbox (badness 10000) in paragraph at lines 137--137
\T1/cmr/m/n/10.95 Diá-lo-go cons-tan-te
 []


Underfull \hbox (badness 8151) in paragraph at lines 137--137
\T1/cmr/m/n/10.95 con la es-tu-dian-te,
 []


Underfull \hbox (badness 4886) in paragraph at lines 137--137
\T1/cmr/m/n/10.95 pa-ñan-do to-dos los
 []


Underfull \hbox (badness 3724) in paragraph at lines 139--140
\T1/cmr/m/n/10.95 se-guir con-cien-ti-zan-
 []


Underfull \hbox (badness 2253) in paragraph at lines 139--140
\T1/cmr/m/n/10.95 do a los es-tu-dian-
 []


Underfull \hbox (badness 2753) in paragraph at lines 139--140
\T1/cmr/m/n/10.95 del co-le-gio, fo-men-
 []


Underfull \hbox (badness 10000) in paragraph at lines 150--150
[]|\T1/cmr/m/n/10.95 Seguimiento con-
 []


Underfull \hbox (badness 10000) in paragraph at lines 150--150
\T1/cmr/m/n/10.95 ti-núo aca-dé-mi-co
 []


Underfull \hbox (badness 7344) in paragraph at lines 150--150
\T1/cmr/m/n/10.95 y con-vi-ven-cial del
 []


Underfull \hbox (badness 10000) in paragraph at lines 150--150
\T1/cmr/m/n/10.95 es-tu-dian-te, se-gui-
 []


Underfull \hbox (badness 10000) in paragraph at lines 150--150
\T1/cmr/m/n/10.95 Diá-lo-go cons-tan-te
 []


Underfull \hbox (badness 8151) in paragraph at lines 150--150
\T1/cmr/m/n/10.95 con la es-tu-dian-te,
 []


Underfull \hbox (badness 4886) in paragraph at lines 150--150
\T1/cmr/m/n/10.95 pa-ñan-do to-dos los
 []


Underfull \hbox (badness 3724) in paragraph at lines 152--153
\T1/cmr/m/n/10.95 se-guir con-cien-ti-zan-
 []


Underfull \hbox (badness 2253) in paragraph at lines 152--153
\T1/cmr/m/n/10.95 do a los es-tu-dian-
 []


Underfull \hbox (badness 2753) in paragraph at lines 152--153
\T1/cmr/m/n/10.95 del co-le-gio, fo-men-
 []


Underfull \hbox (badness 10000) in paragraph at lines 159--159
[]|\T1/cmr/m/n/10.95 Es un es-tu-dian-te
 []


Underfull \hbox (badness 7099) in paragraph at lines 159--159
\T1/cmr/m/n/10.95 reite-ra-dos lla-ma-dos
 []


Underfull \hbox (badness 10000) in paragraph at lines 159--159
\T1/cmr/m/n/10.95 de aten-ción por
 []


Underfull \hbox (badness 10000) in paragraph at lines 163--163
[]|\T1/cmr/m/n/10.95 Seguimiento con-
 []


Underfull \hbox (badness 10000) in paragraph at lines 163--163
\T1/cmr/m/n/10.95 ti-núo aca-dé-mi-co
 []


Underfull \hbox (badness 7344) in paragraph at lines 163--163
\T1/cmr/m/n/10.95 y con-vi-ven-cial del
 []


Underfull \hbox (badness 10000) in paragraph at lines 163--163
\T1/cmr/m/n/10.95 es-tu-dian-te, se-gui-
 []


Underfull \hbox (badness 10000) in paragraph at lines 163--163
\T1/cmr/m/n/10.95 Diá-lo-go cons-tan-te
 []


Underfull \hbox (badness 8151) in paragraph at lines 163--163
\T1/cmr/m/n/10.95 con la es-tu-dian-te,
 []


Underfull \hbox (badness 4886) in paragraph at lines 163--163
\T1/cmr/m/n/10.95 pa-ñan-do to-dos los
 []


Underfull \hbox (badness 3724) in paragraph at lines 165--166
\T1/cmr/m/n/10.95 se-guir con-cien-ti-zan-
 []


Underfull \hbox (badness 2253) in paragraph at lines 165--166
\T1/cmr/m/n/10.95 do a los es-tu-dian-
 []


Underfull \hbox (badness 2753) in paragraph at lines 165--166
\T1/cmr/m/n/10.95 del co-le-gio, fo-men-
 []


Underfull \hbox (badness 10000) in paragraph at lines 170--170
[]|\T1/cmr/m/n/10.95 Gonzalez Ar-gue-llo
 []


Underfull \hbox (badness 6141) in paragraph at lines 172--172
[]|\T1/cmr/m/n/10.95 Es una es-tu-dian-te
 []


Underfull \hbox (badness 1648) in paragraph at lines 172--172
\T1/cmr/m/n/10.95 que si-gue las in-di-
 []


Underfull \hbox (badness 1275) in paragraph at lines 172--172
\T1/cmr/m/n/10.95 ca-cio-nes del do-cen-
 []


Underfull \hbox (badness 1210) in paragraph at lines 174--174
[]|\T1/cmr/m/n/10.95 La es-tu-dian-te tie-ne
 []


Underfull \hbox (badness 10000) in paragraph at lines 176--176
[]|\T1/cmr/m/n/10.95 Seguimiento con-
 []


Underfull \hbox (badness 4686) in paragraph at lines 176--176
\T1/cmr/m/n/10.95 ti-núo aca-dé-mi-co y
 []


Underfull \hbox (badness 7796) in paragraph at lines 176--176
\T1/cmr/m/n/10.95 con-vi-ven-cial de la
 []


Underfull \hbox (badness 10000) in paragraph at lines 176--176
\T1/cmr/m/n/10.95 es-tu-dian-te, se-gui-
 []


Underfull \hbox (badness 10000) in paragraph at lines 176--176
\T1/cmr/m/n/10.95 Diá-lo-go cons-tan-te
 []


Underfull \hbox (badness 8151) in paragraph at lines 176--176
\T1/cmr/m/n/10.95 con la es-tu-dian-te,
 []


Underfull \hbox (badness 4886) in paragraph at lines 176--176
\T1/cmr/m/n/10.95 pa-ñan-do to-dos los
 []


Underfull \hbox (badness 3724) in paragraph at lines 178--179
\T1/cmr/m/n/10.95 se-guir con-cien-ti-zan-
 []


Underfull \hbox (badness 2253) in paragraph at lines 178--179
\T1/cmr/m/n/10.95 do a los es-tu-dian-
 []


Underfull \hbox (badness 2753) in paragraph at lines 178--179
\T1/cmr/m/n/10.95 del co-le-gio, fo-men-
 []


Underfull \hbox (badness 6141) in paragraph at lines 185--185
[]|\T1/cmr/m/n/10.95 Es una es-tu-dian-te
 []


Underfull \hbox (badness 1648) in paragraph at lines 185--185
\T1/cmr/m/n/10.95 que si-gue las in-di-
 []


Underfull \hbox (badness 1275) in paragraph at lines 185--185
\T1/cmr/m/n/10.95 ca-cio-nes del do-cen-
 []


Underfull \hbox (badness 1038) in paragraph at lines 185--185
\T1/cmr/m/n/10.95 con-duc-ta en el au-
 []


Underfull \hbox (badness 10000) in paragraph at lines 187--187
[]|\T1/cmr/m/n/10.95 La es-tu-dian-te no
 []


Underfull \hbox (badness 10000) in paragraph at lines 187--187
\T1/cmr/m/n/10.95 pier-de asig-na-tu-ras
 []


Underfull \hbox (badness 1902) in paragraph at lines 187--187
\T1/cmr/m/n/10.95 du-ran-te el se-gun-do
 []


Underfull \hbox (badness 10000) in paragraph at lines 189--189
[]|\T1/cmr/m/n/10.95 Seguimiento con-
 []


Underfull \hbox (badness 4686) in paragraph at lines 189--189
\T1/cmr/m/n/10.95 ti-núo aca-dé-mi-co y
 []


Underfull \hbox (badness 7796) in paragraph at lines 189--189
\T1/cmr/m/n/10.95 con-vi-ven-cial de la
 []


Underfull \hbox (badness 10000) in paragraph at lines 189--189
\T1/cmr/m/n/10.95 es-tu-dian-te, se-gui-
 []


Underfull \hbox (badness 10000) in paragraph at lines 189--189
\T1/cmr/m/n/10.95 Diá-lo-go cons-tan-te
 []


Underfull \hbox (badness 8151) in paragraph at lines 189--189
\T1/cmr/m/n/10.95 con la es-tu-dian-te,
 []


Underfull \hbox (badness 4886) in paragraph at lines 189--189
\T1/cmr/m/n/10.95 pa-ñan-do to-dos los
 []


Underfull \hbox (badness 3724) in paragraph at lines 191--192
\T1/cmr/m/n/10.95 se-guir con-cien-ti-zan-
 []


Underfull \hbox (badness 2253) in paragraph at lines 191--192
\T1/cmr/m/n/10.95 do a los es-tu-dian-
 []


Underfull \hbox (badness 2753) in paragraph at lines 191--192
\T1/cmr/m/n/10.95 del co-le-gio, fo-men-
 []


Underfull \hbox (badness 10000) in paragraph at lines 196--196
[]|\T1/cmr/m/n/10.95 Jimenez Va-ne-gas
 []


Underfull \hbox (badness 10000) in paragraph at lines 198--198
[]|\T1/cmr/m/n/10.95 Es un es-tu-dian-te
 []


Underfull \hbox (badness 2941) in paragraph at lines 198--198
\T1/cmr/m/n/10.95 ma-dos de aten-ción
 []


Underfull \hbox (badness 3735) in paragraph at lines 198--198
\T1/cmr/m/n/10.95 cons-tan-te-men-te por
 []


Underfull \hbox (badness 3439) in paragraph at lines 198--198
\T1/cmr/m/n/10.95 un es-tu-dian-te, que
 []


Underfull \hbox (badness 4872) in paragraph at lines 198--198
\T1/cmr/m/n/10.95 mal a es-tu-dian-tes,
 []


Underfull \hbox (badness 10000) in paragraph at lines 198--198
\T1/cmr/m/n/10.95 e in-clu-so al-gu-nas
 []


Underfull \hbox (badness 5681) in paragraph at lines 198--198
\T1/cmr/m/n/10.95 ne-ce-si-ta acom-pa-ña-
 []


Underfull \hbox (badness 4765) in paragraph at lines 198--198
\T1/cmr/m/n/10.95 por el ma-ne-jo de
 []


Underfull \hbox (badness 2181) in paragraph at lines 200--200
[]|\T1/cmr/m/n/10.95 El es-tu-dian-te tie-ne
 []


Underfull \hbox (badness 10000) in paragraph at lines 200--200
\T1/cmr/m/n/10.95 con pér-di-da: re-
 []


Underfull \hbox (badness 10000) in paragraph at lines 202--202
[]|\T1/cmr/m/n/10.95 Seguimiento con-
 []


Underfull \hbox (badness 10000) in paragraph at lines 202--202
\T1/cmr/m/n/10.95 ti-núo aca-dé-mi-co
 []


Underfull \hbox (badness 7344) in paragraph at lines 202--202
\T1/cmr/m/n/10.95 y con-vi-ven-cial del
 []


Underfull \hbox (badness 10000) in paragraph at lines 202--202
\T1/cmr/m/n/10.95 es-tu-dian-te, se-gui-
 []


Underfull \hbox (badness 10000) in paragraph at lines 202--202
\T1/cmr/m/n/10.95 Diá-lo-go cons-tan-te
 []


Underfull \hbox (badness 10000) in paragraph at lines 202--202
\T1/cmr/m/n/10.95 con la es-tu-dian-
 []


Underfull \hbox (badness 10000) in paragraph at lines 202--202
\T1/cmr/m/n/10.95 te, acon-se-jan-do y
 []


Underfull \hbox (badness 1924) in paragraph at lines 202--202
\T1/cmr/m/n/10.95 acom-pa-ñan-do to-dos
 []


Underfull \hbox (badness 3724) in paragraph at lines 204--205
\T1/cmr/m/n/10.95 se-guir con-cien-ti-zan-
 []


Underfull \hbox (badness 2253) in paragraph at lines 204--205
\T1/cmr/m/n/10.95 do a los es-tu-dian-
 []


Underfull \hbox (badness 2753) in paragraph at lines 204--205
\T1/cmr/m/n/10.95 del co-le-gio, fo-men-
 []


Underfull \hbox (badness 10000) in paragraph at lines 213--213
[]|\T1/cmr/m/n/10.95 El es-tu-dian-te no
 []


Underfull \hbox (badness 3780) in paragraph at lines 213--213
\T1/cmr/m/n/10.95 cuen-ta con nin-gún
 []


Underfull \hbox (badness 2302) in paragraph at lines 213--213
\T1/cmr/m/n/10.95 de-sem-pe-ño per-di-do,
 []


Underfull \hbox (badness 4291) in paragraph at lines 213--213
\T1/cmr/m/n/10.95 pa-sa en lim-pio el
 []


Underfull \hbox (badness 10000) in paragraph at lines 213--213
\T1/cmr/m/n/10.95 pri-mer tri-mes-tre
 []


Underfull \hbox (badness 10000) in paragraph at lines 213--213
\T1/cmr/m/n/10.95 con-ti-nua-men-te ya
 []


Underfull \hbox (badness 10000) in paragraph at lines 213--213
\T1/cmr/m/n/10.95 por sus no-tas y
 []


Underfull \hbox (badness 1540) in paragraph at lines 213--213
\T1/cmr/m/n/10.95 de-sem-pe-ños lle-ga a
 []


Underfull \hbox (badness 1838) in paragraph at lines 213--213
\T1/cmr/m/n/10.95 ser des-pro-por-cio-nal,
 []


Underfull \hbox (badness 1735) in paragraph at lines 213--213
\T1/cmr/m/n/10.95 pen-dien-tes de ca-da
 []


Underfull \hbox (badness 10000) in paragraph at lines 213--213
\T1/cmr/m/n/10.95 pa-ra rea-li-zar las
 []


Underfull \hbox (badness 10000) in paragraph at lines 215--215
[]|\T1/cmr/m/n/10.95 Seguimiento con-
 []


Underfull \hbox (badness 10000) in paragraph at lines 215--215
\T1/cmr/m/n/10.95 ti-núo aca-dé-mi-co
 []


Underfull \hbox (badness 7344) in paragraph at lines 215--215
\T1/cmr/m/n/10.95 y con-vi-ven-cial del
 []


Underfull \hbox (badness 10000) in paragraph at lines 215--215
\T1/cmr/m/n/10.95 es-tu-dian-te, se-gui-
 []


Underfull \hbox (badness 10000) in paragraph at lines 215--215
\T1/cmr/m/n/10.95 Diá-lo-go cons-tan-te
 []


Underfull \hbox (badness 8151) in paragraph at lines 215--215
\T1/cmr/m/n/10.95 con la es-tu-dian-te,
 []


Underfull \hbox (badness 4886) in paragraph at lines 215--215
\T1/cmr/m/n/10.95 pa-ñan-do to-dos los
 []


Underfull \hbox (badness 3724) in paragraph at lines 217--218
\T1/cmr/m/n/10.95 se-guir con-cien-ti-zan-
 []


Underfull \hbox (badness 2253) in paragraph at lines 217--218
\T1/cmr/m/n/10.95 do a los es-tu-dian-
 []


Underfull \hbox (badness 2753) in paragraph at lines 217--218
\T1/cmr/m/n/10.95 del co-le-gio, fo-men-
 []


Underfull \hbox (badness 2828) in paragraph at lines 224--226
[]|\T1/cmr/m/n/10.95 El es-tu-dian-te de-be
 []


Underfull \hbox (badness 10000) in paragraph at lines 224--226
\T1/cmr/m/n/10.95 fir-mar com-pro-mi-so
 []


Underfull \hbox (badness 10000) in paragraph at lines 224--226
\T1/cmr/m/n/10.95 por re-tar-dos. Es
 []


Underfull \hbox (badness 6825) in paragraph at lines 224--226
\T1/cmr/m/n/10.95 un es-tu-dian-te que
 []


Underfull \hbox (badness 1590) in paragraph at lines 224--226
\T1/cmr/m/n/10.95 a prin-ci-pio de año
 []


Underfull \hbox (badness 3179) in paragraph at lines 224--226
\T1/cmr/m/n/10.95 se veía me-ti-do en
 []


Underfull \hbox (badness 10000) in paragraph at lines 224--226
\T1/cmr/m/n/10.95 cons-tan-te, tie-ne
 []


Underfull \hbox (badness 10000) in paragraph at lines 224--226
\T1/cmr/m/n/10.95 se-gui-mien-to des-de
 []


Underfull \hbox (badness 10000) in paragraph at lines 224--226
\T1/cmr/m/n/10.95 coor-di-na-ción con
 []


Underfull \hbox (badness 10000) in paragraph at lines 224--226
\T1/cmr/m/n/10.95 com-pro-mi-so dis-
 []


Underfull \hbox (badness 10000) in paragraph at lines 224--226
\T1/cmr/m/n/10.95 ci-pli-na-rio por las
 []


Underfull \hbox (badness 2884) in paragraph at lines 224--226
\T1/cmr/m/n/10.95 reite-ra-das fal-tas, y
 []


Underfull \hbox (badness 7704) in paragraph at lines 224--226
\T1/cmr/m/n/10.95 lla-ma-dos de aten-
 []


Underfull \hbox (badness 2573) in paragraph at lines 224--226
\T1/cmr/m/n/10.95 ción. El es-tu-dian-te
 []


Underfull \hbox (badness 10000) in paragraph at lines 224--226
\T1/cmr/m/n/10.95 ha me-jo-ra-do pro-
 []


Underfull \hbox (badness 10000) in paragraph at lines 224--226
\T1/cmr/m/n/10.95 gre-si-va-men-te es-tas
 []


Underfull \hbox (badness 2181) in paragraph at lines 228--228
[]|\T1/cmr/m/n/10.95 El es-tu-dian-te tie-ne
 []


Underfull \hbox (badness 10000) in paragraph at lines 228--228
\T1/cmr/m/n/10.95 con pér-di-da: re-
 []


Underfull \hbox (badness 10000) in paragraph at lines 230--230
[]|\T1/cmr/m/n/10.95 Seguimiento con-
 []


Underfull \hbox (badness 10000) in paragraph at lines 230--230
\T1/cmr/m/n/10.95 ti-núo aca-dé-mi-co
 []


Underfull \hbox (badness 7344) in paragraph at lines 230--230
\T1/cmr/m/n/10.95 y con-vi-ven-cial del
 []


Underfull \hbox (badness 10000) in paragraph at lines 230--230
\T1/cmr/m/n/10.95 es-tu-dian-te, se-gui-
 []


Underfull \hbox (badness 10000) in paragraph at lines 230--230
\T1/cmr/m/n/10.95 Diá-lo-go cons-tan-te
 []


Underfull \hbox (badness 10000) in paragraph at lines 230--230
\T1/cmr/m/n/10.95 con la es-tu-dian-
 []


Underfull \hbox (badness 10000) in paragraph at lines 230--230
\T1/cmr/m/n/10.95 te, acon-se-jan-do y
 []


Underfull \hbox (badness 1924) in paragraph at lines 230--230
\T1/cmr/m/n/10.95 acom-pa-ñan-do to-dos
 []


Underfull \hbox (badness 3724) in paragraph at lines 232--233
\T1/cmr/m/n/10.95 se-guir con-cien-ti-zan-
 []


Underfull \hbox (badness 2253) in paragraph at lines 232--233
\T1/cmr/m/n/10.95 do a los es-tu-dian-
 []


Underfull \hbox (badness 2753) in paragraph at lines 232--233
\T1/cmr/m/n/10.95 del co-le-gio, fo-men-
 []


Underfull \hbox (badness 10000) in paragraph at lines 241--241
[]|\T1/cmr/m/n/10.95 El es-tu-dian-te no
 []


Underfull \hbox (badness 10000) in paragraph at lines 241--241
\T1/cmr/m/n/10.95 cuen-ta con per-di-
 []


Underfull \hbox (badness 10000) in paragraph at lines 241--241
\T1/cmr/m/n/10.95 da de asig-na-tu-ras
 []


Underfull \hbox (badness 1902) in paragraph at lines 241--241
\T1/cmr/m/n/10.95 du-ran-te el se-gun-do
 []


Underfull \hbox (badness 10000) in paragraph at lines 243--243
[]|\T1/cmr/m/n/10.95 Seguimiento con-
 []


Underfull \hbox (badness 10000) in paragraph at lines 243--243
\T1/cmr/m/n/10.95 ti-núo aca-dé-mi-co
 []


Underfull \hbox (badness 7344) in paragraph at lines 243--243
\T1/cmr/m/n/10.95 y con-vi-ven-cial del
 []


Underfull \hbox (badness 10000) in paragraph at lines 243--243
\T1/cmr/m/n/10.95 es-tu-dian-te, se-gui-
 []


Underfull \hbox (badness 10000) in paragraph at lines 243--243
\T1/cmr/m/n/10.95 Diá-lo-go cons-tan-te
 []


Underfull \hbox (badness 8151) in paragraph at lines 243--243
\T1/cmr/m/n/10.95 con la es-tu-dian-te,
 []


Underfull \hbox (badness 4886) in paragraph at lines 243--243
\T1/cmr/m/n/10.95 pa-ñan-do to-dos los
 []


Underfull \hbox (badness 3724) in paragraph at lines 245--246
\T1/cmr/m/n/10.95 se-guir con-cien-ti-zan-
 []


Underfull \hbox (badness 2253) in paragraph at lines 245--246
\T1/cmr/m/n/10.95 do a los es-tu-dian-
 []


Underfull \hbox (badness 2753) in paragraph at lines 245--246
\T1/cmr/m/n/10.95 del co-le-gio, fo-men-
 []


Underfull \hbox (badness 10000) in paragraph at lines 256--256
[]|\T1/cmr/m/n/10.95 Seguimiento con-
 []


Underfull \hbox (badness 10000) in paragraph at lines 256--256
\T1/cmr/m/n/10.95 ti-núo aca-dé-mi-co
 []


Underfull \hbox (badness 7344) in paragraph at lines 256--256
\T1/cmr/m/n/10.95 y con-vi-ven-cial del
 []


Underfull \hbox (badness 10000) in paragraph at lines 256--256
\T1/cmr/m/n/10.95 es-tu-dian-te, se-gui-
 []


Underfull \hbox (badness 10000) in paragraph at lines 256--256
\T1/cmr/m/n/10.95 Diá-lo-go cons-tan-te
 []


Underfull \hbox (badness 8151) in paragraph at lines 256--256
\T1/cmr/m/n/10.95 con la es-tu-dian-te,
 []


Underfull \hbox (badness 4886) in paragraph at lines 256--256
\T1/cmr/m/n/10.95 pa-ñan-do to-dos los
 []


Underfull \hbox (badness 3724) in paragraph at lines 258--259
\T1/cmr/m/n/10.95 se-guir con-cien-ti-zan-
 []


Underfull \hbox (badness 2253) in paragraph at lines 258--259
\T1/cmr/m/n/10.95 do a los es-tu-dian-
 []


Underfull \hbox (badness 2753) in paragraph at lines 258--259
\T1/cmr/m/n/10.95 del co-le-gio, fo-men-
 []


Underfull \hbox (badness 7704) in paragraph at lines 265--265
\T1/cmr/m/n/10.95 lla-ma-dos de aten-
 []


Underfull \hbox (badness 10000) in paragraph at lines 267--267
[]|\T1/cmr/m/n/10.95 El es-tu-dian-te no
 []


Underfull \hbox (badness 2088) in paragraph at lines 267--267
\T1/cmr/m/n/10.95 pier-de al-gu-na asig-
 []


Underfull \hbox (badness 10000) in paragraph at lines 267--267
\T1/cmr/m/n/10.95 na-tu-ra du-ran-te el
 []


Underfull \hbox (badness 10000) in paragraph at lines 267--267
\T1/cmr/m/n/10.95 se-gun-do tri-mes-tre
 []


Underfull \hbox (badness 10000) in paragraph at lines 269--269
[]|\T1/cmr/m/n/10.95 Seguimiento con-
 []


Underfull \hbox (badness 10000) in paragraph at lines 269--269
\T1/cmr/m/n/10.95 ti-núo aca-dé-mi-co
 []


Underfull \hbox (badness 7344) in paragraph at lines 269--269
\T1/cmr/m/n/10.95 y con-vi-ven-cial del
 []


Underfull \hbox (badness 10000) in paragraph at lines 269--269
\T1/cmr/m/n/10.95 es-tu-dian-te, se-gui-
 []


Underfull \hbox (badness 10000) in paragraph at lines 269--269
\T1/cmr/m/n/10.95 Diá-lo-go cons-tan-te
 []


Underfull \hbox (badness 10000) in paragraph at lines 269--269
\T1/cmr/m/n/10.95 con la es-tu-dian-
 []


Underfull \hbox (badness 10000) in paragraph at lines 269--269
\T1/cmr/m/n/10.95 te, acon-se-jan-do y
 []


Underfull \hbox (badness 1924) in paragraph at lines 269--269
\T1/cmr/m/n/10.95 acom-pa-ñan-do to-dos
 []


Underfull \hbox (badness 3724) in paragraph at lines 271--272
\T1/cmr/m/n/10.95 se-guir con-cien-ti-zan-
 []


Underfull \hbox (badness 2253) in paragraph at lines 271--272
\T1/cmr/m/n/10.95 do a los es-tu-dian-
 []


Underfull \hbox (badness 2753) in paragraph at lines 271--272
\T1/cmr/m/n/10.95 del co-le-gio, fo-men-
 []


Underfull \hbox (badness 6141) in paragraph at lines 278--278
[]|\T1/cmr/m/n/10.95 Es una es-tu-dian-te
 []


Underfull \hbox (badness 1648) in paragraph at lines 278--278
\T1/cmr/m/n/10.95 que si-gue las in-di-
 []


Underfull \hbox (badness 1275) in paragraph at lines 278--278
\T1/cmr/m/n/10.95 ca-cio-nes del do-cen-
 []


Underfull \hbox (badness 1210) in paragraph at lines 280--280
[]|\T1/cmr/m/n/10.95 La es-tu-dian-te tie-ne
 []


Underfull \hbox (badness 10000) in paragraph at lines 282--282
[]|\T1/cmr/m/n/10.95 Seguimiento con-
 []


Underfull \hbox (badness 4686) in paragraph at lines 282--282
\T1/cmr/m/n/10.95 ti-núo aca-dé-mi-co y
 []


Underfull \hbox (badness 7796) in paragraph at lines 282--282
\T1/cmr/m/n/10.95 con-vi-ven-cial de la
 []


Underfull \hbox (badness 10000) in paragraph at lines 282--282
\T1/cmr/m/n/10.95 es-tu-dian-te, se-gui-
 []


Underfull \hbox (badness 10000) in paragraph at lines 282--282
\T1/cmr/m/n/10.95 Diá-lo-go cons-tan-te
 []


Underfull \hbox (badness 8151) in paragraph at lines 282--282
\T1/cmr/m/n/10.95 con la es-tu-dian-te,
 []


Underfull \hbox (badness 4886) in paragraph at lines 282--282
\T1/cmr/m/n/10.95 pa-ñan-do to-dos los
 []


Underfull \hbox (badness 3724) in paragraph at lines 284--285
\T1/cmr/m/n/10.95 se-guir con-cien-ti-zan-
 []


Underfull \hbox (badness 2253) in paragraph at lines 284--285
\T1/cmr/m/n/10.95 do a los es-tu-dian-
 []


Underfull \hbox (badness 2753) in paragraph at lines 284--285
\T1/cmr/m/n/10.95 del co-le-gio, fo-men-
 []


Underfull \hbox (badness 1762) in paragraph at lines 291--291
[]|\T1/cmr/m/n/10.95 A la es-tu-dian-te se
 []


Underfull \hbox (badness 1571) in paragraph at lines 291--291
\T1/cmr/m/n/10.95 tu-dian-te, cons-tan-te-
 []


Underfull \hbox (badness 7925) in paragraph at lines 293--293
[]|\T1/cmr/m/n/10.95 La es-tu-dian-te tie-
 []


Underfull \hbox (badness 10000) in paragraph at lines 295--295
[]|\T1/cmr/m/n/10.95 Seguimiento con-
 []


Underfull \hbox (badness 4686) in paragraph at lines 295--295
\T1/cmr/m/n/10.95 ti-núo aca-dé-mi-co y
 []


Underfull \hbox (badness 7796) in paragraph at lines 295--295
\T1/cmr/m/n/10.95 con-vi-ven-cial de la
 []


Underfull \hbox (badness 10000) in paragraph at lines 295--295
\T1/cmr/m/n/10.95 es-tu-dian-te, se-gui-
 []


Underfull \hbox (badness 10000) in paragraph at lines 295--295
\T1/cmr/m/n/10.95 Diá-lo-go cons-tan-te
 []


Underfull \hbox (badness 8151) in paragraph at lines 295--295
\T1/cmr/m/n/10.95 con la es-tu-dian-te,
 []


Underfull \hbox (badness 4886) in paragraph at lines 295--295
\T1/cmr/m/n/10.95 pa-ñan-do to-dos los
 []


Underfull \hbox (badness 3724) in paragraph at lines 297--298
\T1/cmr/m/n/10.95 se-guir con-cien-ti-zan-
 []


Underfull \hbox (badness 2253) in paragraph at lines 297--298
\T1/cmr/m/n/10.95 do a los es-tu-dian-
 []


Underfull \hbox (badness 2753) in paragraph at lines 297--298
\T1/cmr/m/n/10.95 del co-le-gio, fo-men-
 []


Underfull \hbox (badness 6141) in paragraph at lines 304--304
[]|\T1/cmr/m/n/10.95 Es una es-tu-dian-te
 []


Underfull \hbox (badness 1168) in paragraph at lines 304--304
\T1/cmr/m/n/10.95 que-tie-ne con pér-di-
 []


Underfull \hbox (badness 1210) in paragraph at lines 306--306
[]|\T1/cmr/m/n/10.95 La es-tu-dian-te tie-ne
 []


Underfull \hbox (badness 1478) in paragraph at lines 306--306
\T1/cmr/m/n/10.95 con pér-di-da: 1 de-
 []


Underfull \hbox (badness 10000) in paragraph at lines 308--308
[]|\T1/cmr/m/n/10.95 Seguimiento con-
 []


Underfull \hbox (badness 4686) in paragraph at lines 308--308
\T1/cmr/m/n/10.95 ti-núo aca-dé-mi-co y
 []


Underfull \hbox (badness 7796) in paragraph at lines 308--308
\T1/cmr/m/n/10.95 con-vi-ven-cial de la
 []


Underfull \hbox (badness 10000) in paragraph at lines 308--308
\T1/cmr/m/n/10.95 es-tu-dian-te, se-gui-
 []


Underfull \hbox (badness 10000) in paragraph at lines 308--308
\T1/cmr/m/n/10.95 Diá-lo-go cons-tan-te
 []


Underfull \hbox (badness 8151) in paragraph at lines 308--308
\T1/cmr/m/n/10.95 con la es-tu-dian-te,
 []


Underfull \hbox (badness 4886) in paragraph at lines 308--308
\T1/cmr/m/n/10.95 pa-ñan-do to-dos los
 []


Underfull \hbox (badness 3724) in paragraph at lines 310--311
\T1/cmr/m/n/10.95 se-guir con-cien-ti-zan-
 []


Underfull \hbox (badness 2253) in paragraph at lines 310--311
\T1/cmr/m/n/10.95 do a los es-tu-dian-
 []


Underfull \hbox (badness 2753) in paragraph at lines 310--311
\T1/cmr/m/n/10.95 del co-le-gio, fo-men-
 []


Underfull \hbox (badness 6141) in paragraph at lines 317--317
[]|\T1/cmr/m/n/10.95 Es una es-tu-dian-te
 []


Underfull \hbox (badness 2818) in paragraph at lines 317--317
\T1/cmr/m/n/10.95 tes en el au-la de
 []


Underfull \hbox (badness 10000) in paragraph at lines 321--321
[]|\T1/cmr/m/n/10.95 Seguimiento con-
 []


Underfull \hbox (badness 4686) in paragraph at lines 321--321
\T1/cmr/m/n/10.95 ti-núo aca-dé-mi-co y
 []


Underfull \hbox (badness 7796) in paragraph at lines 321--321
\T1/cmr/m/n/10.95 con-vi-ven-cial de la
 []


Underfull \hbox (badness 10000) in paragraph at lines 321--321
\T1/cmr/m/n/10.95 es-tu-dian-te, se-gui-
 []


Underfull \hbox (badness 10000) in paragraph at lines 321--321
\T1/cmr/m/n/10.95 Diá-lo-go cons-tan-te
 []


Underfull \hbox (badness 8151) in paragraph at lines 321--321
\T1/cmr/m/n/10.95 con la es-tu-dian-te,
 []


Underfull \hbox (badness 4886) in paragraph at lines 321--321
\T1/cmr/m/n/10.95 pa-ñan-do to-dos los
 []


Underfull \hbox (badness 3724) in paragraph at lines 323--324
\T1/cmr/m/n/10.95 se-guir con-cien-ti-zan-
 []


Underfull \hbox (badness 2253) in paragraph at lines 323--324
\T1/cmr/m/n/10.95 do a los es-tu-dian-
 []


Underfull \hbox (badness 2753) in paragraph at lines 323--324
\T1/cmr/m/n/10.95 del co-le-gio, fo-men-
 []


Underfull \hbox (badness 10000) in paragraph at lines 328--328
[]|\T1/cmr/m/n/10.95 Perez Car-de-nas
 []


Underfull \hbox (badness 6141) in paragraph at lines 330--330
[]|\T1/cmr/m/n/10.95 Es una es-tu-dian-te
 []


Underfull \hbox (badness 1648) in paragraph at lines 330--330
\T1/cmr/m/n/10.95 que si-gue las in-di-
 []


Underfull \hbox (badness 1275) in paragraph at lines 330--330
\T1/cmr/m/n/10.95 ca-cio-nes del do-cen-
 []


Underfull \hbox (badness 7925) in paragraph at lines 332--332
[]|\T1/cmr/m/n/10.95 La es-tu-dian-te tie-
 []


Underfull \hbox (badness 10000) in paragraph at lines 334--334
[]|\T1/cmr/m/n/10.95 Seguimiento con-
 []


Underfull \hbox (badness 4686) in paragraph at lines 334--334
\T1/cmr/m/n/10.95 ti-núo aca-dé-mi-co y
 []


Underfull \hbox (badness 7796) in paragraph at lines 334--334
\T1/cmr/m/n/10.95 con-vi-ven-cial de la
 []


Underfull \hbox (badness 10000) in paragraph at lines 334--334
\T1/cmr/m/n/10.95 es-tu-dian-te, se-gui-
 []


Underfull \hbox (badness 10000) in paragraph at lines 334--334
\T1/cmr/m/n/10.95 Diá-lo-go cons-tan-te
 []


Underfull \hbox (badness 8151) in paragraph at lines 334--334
\T1/cmr/m/n/10.95 con la es-tu-dian-te,
 []


Underfull \hbox (badness 4886) in paragraph at lines 334--334
\T1/cmr/m/n/10.95 pa-ñan-do to-dos los
 []


Underfull \hbox (badness 3724) in paragraph at lines 336--337
\T1/cmr/m/n/10.95 se-guir con-cien-ti-zan-
 []


Underfull \hbox (badness 2253) in paragraph at lines 336--337
\T1/cmr/m/n/10.95 do a los es-tu-dian-
 []


Underfull \hbox (badness 2753) in paragraph at lines 336--337
\T1/cmr/m/n/10.95 del co-le-gio, fo-men-
 []


Underfull \hbox (badness 3713) in paragraph at lines 341--341
[]|\T1/cmr/m/n/10.95 Quintero Ce-lis Sa-
 []


Underfull \hbox (badness 7704) in paragraph at lines 343--343
\T1/cmr/m/n/10.95 lla-ma-dos de aten-
 []


Underfull \hbox (badness 2181) in paragraph at lines 345--345
[]|\T1/cmr/m/n/10.95 El es-tu-dian-te tie-ne
 []


Underfull \hbox (badness 10000) in paragraph at lines 347--347
[]|\T1/cmr/m/n/10.95 Seguimiento con-
 []


Underfull \hbox (badness 10000) in paragraph at lines 347--347
\T1/cmr/m/n/10.95 ti-núo aca-dé-mi-co
 []


Underfull \hbox (badness 7344) in paragraph at lines 347--347
\T1/cmr/m/n/10.95 y con-vi-ven-cial del
 []


Underfull \hbox (badness 10000) in paragraph at lines 347--347
\T1/cmr/m/n/10.95 es-tu-dian-te, se-gui-
 []


Underfull \hbox (badness 10000) in paragraph at lines 347--347
\T1/cmr/m/n/10.95 Diá-lo-go cons-tan-te
 []


Underfull \hbox (badness 10000) in paragraph at lines 347--347
\T1/cmr/m/n/10.95 con la es-tu-dian-
 []


Underfull \hbox (badness 10000) in paragraph at lines 347--347
\T1/cmr/m/n/10.95 te, acon-se-jan-do y
 []


Underfull \hbox (badness 1924) in paragraph at lines 347--347
\T1/cmr/m/n/10.95 acom-pa-ñan-do to-dos
 []


Underfull \hbox (badness 3724) in paragraph at lines 349--350
\T1/cmr/m/n/10.95 se-guir con-cien-ti-zan-
 []


Underfull \hbox (badness 2253) in paragraph at lines 349--350
\T1/cmr/m/n/10.95 do a los es-tu-dian-
 []


Underfull \hbox (badness 2753) in paragraph at lines 349--350
\T1/cmr/m/n/10.95 del co-le-gio, fo-men-
 []


Underfull \hbox (badness 1648) in paragraph at lines 356--357
[]|\T1/cmr/m/n/10.95 La es-tu-dian-te de-be
 []


Underfull \hbox (badness 10000) in paragraph at lines 356--357
\T1/cmr/m/n/10.95 fir-mar com-pro-mi-so
 []


Underfull \hbox (badness 10000) in paragraph at lines 356--357
\T1/cmr/m/n/10.95 por re-tar-dos. Es
 []


Underfull \hbox (badness 1735) in paragraph at lines 356--357
\T1/cmr/m/n/10.95 una es-tu-dian-te que
 []


Underfull \hbox (badness 10000) in paragraph at lines 356--357
\T1/cmr/m/n/10.95 si-gue las in-di-ca-
 []


Underfull \hbox (badness 2486) in paragraph at lines 356--357
\T1/cmr/m/n/10.95 cio-nes del do-cen-te,
 []


Underfull \hbox (badness 10000) in paragraph at lines 356--357
\T1/cmr/m/n/10.95 de cual-quier ti-po,
 []


Underfull \hbox (badness 10000) in paragraph at lines 359--359
[]|\T1/cmr/m/n/10.95 La es-tu-dian-te no
 []


Underfull \hbox (badness 2088) in paragraph at lines 359--359
\T1/cmr/m/n/10.95 pier-de al-gu-na asig-
 []


Underfull \hbox (badness 10000) in paragraph at lines 359--359
\T1/cmr/m/n/10.95 na-tu-ra du-ran-te el
 []


Underfull \hbox (badness 10000) in paragraph at lines 359--359
\T1/cmr/m/n/10.95 se-gun-do tri-mes-tre
 []


Underfull \hbox (badness 10000) in paragraph at lines 361--361
[]|\T1/cmr/m/n/10.95 Seguimiento con-
 []


Underfull \hbox (badness 4686) in paragraph at lines 361--361
\T1/cmr/m/n/10.95 ti-núo aca-dé-mi-co y
 []


Underfull \hbox (badness 7796) in paragraph at lines 361--361
\T1/cmr/m/n/10.95 con-vi-ven-cial de la
 []


Underfull \hbox (badness 10000) in paragraph at lines 361--361
\T1/cmr/m/n/10.95 es-tu-dian-te, se-gui-
 []


Underfull \hbox (badness 10000) in paragraph at lines 361--361
\T1/cmr/m/n/10.95 Diá-lo-go cons-tan-te
 []


Underfull \hbox (badness 8151) in paragraph at lines 361--361
\T1/cmr/m/n/10.95 con la es-tu-dian-te,
 []


Underfull \hbox (badness 4886) in paragraph at lines 361--361
\T1/cmr/m/n/10.95 pa-ñan-do to-dos los
 []


Underfull \hbox (badness 3724) in paragraph at lines 363--364
\T1/cmr/m/n/10.95 se-guir con-cien-ti-zan-
 []


Underfull \hbox (badness 2253) in paragraph at lines 363--364
\T1/cmr/m/n/10.95 do a los es-tu-dian-
 []


Underfull \hbox (badness 2753) in paragraph at lines 363--364
\T1/cmr/m/n/10.95 del co-le-gio, fo-men-
 []


Underfull \hbox (badness 1728) in paragraph at lines 368--368
[]|\T1/cmr/m/n/10.95 Rodriguez Gon-za-lez
 []


Underfull \hbox (badness 10000) in paragraph at lines 374--374
[]|\T1/cmr/m/n/10.95 Seguimiento con-
 []


Underfull \hbox (badness 4686) in paragraph at lines 374--374
\T1/cmr/m/n/10.95 ti-núo aca-dé-mi-co y
 []


Underfull \hbox (badness 7796) in paragraph at lines 374--374
\T1/cmr/m/n/10.95 con-vi-ven-cial de la
 []


Underfull \hbox (badness 10000) in paragraph at lines 374--374
\T1/cmr/m/n/10.95 es-tu-dian-te, se-gui-
 []


Underfull \hbox (badness 10000) in paragraph at lines 374--374
\T1/cmr/m/n/10.95 Diá-lo-go cons-tan-te
 []


Underfull \hbox (badness 8151) in paragraph at lines 374--374
\T1/cmr/m/n/10.95 con la es-tu-dian-te,
 []


Underfull \hbox (badness 4886) in paragraph at lines 374--374
\T1/cmr/m/n/10.95 pa-ñan-do to-dos los
 []


Underfull \hbox (badness 3724) in paragraph at lines 376--377
\T1/cmr/m/n/10.95 se-guir con-cien-ti-zan-
 []


Underfull \hbox (badness 2253) in paragraph at lines 376--377
\T1/cmr/m/n/10.95 do a los es-tu-dian-
 []


Underfull \hbox (badness 2753) in paragraph at lines 376--377
\T1/cmr/m/n/10.95 del co-le-gio, fo-men-
 []


Underfull \hbox (badness 6141) in paragraph at lines 383--383
[]|\T1/cmr/m/n/10.95 Es una es-tu-dian-te
 []


Underfull \hbox (badness 1648) in paragraph at lines 383--383
\T1/cmr/m/n/10.95 que si-gue las in-di-
 []


Underfull \hbox (badness 1275) in paragraph at lines 383--383
\T1/cmr/m/n/10.95 ca-cio-nes del do-cen-
 []


Underfull \hbox (badness 10000) in paragraph at lines 387--387
[]|\T1/cmr/m/n/10.95 Seguimiento con-
 []


Underfull \hbox (badness 4686) in paragraph at lines 387--387
\T1/cmr/m/n/10.95 ti-núo aca-dé-mi-co y
 []


Underfull \hbox (badness 7796) in paragraph at lines 387--387
\T1/cmr/m/n/10.95 con-vi-ven-cial de la
 []


Underfull \hbox (badness 10000) in paragraph at lines 387--387
\T1/cmr/m/n/10.95 es-tu-dian-te, se-gui-
 []


Underfull \hbox (badness 10000) in paragraph at lines 387--387
\T1/cmr/m/n/10.95 Diá-lo-go cons-tan-te
 []


Underfull \hbox (badness 8151) in paragraph at lines 387--387
\T1/cmr/m/n/10.95 con la es-tu-dian-te,
 []


Underfull \hbox (badness 4886) in paragraph at lines 387--387
\T1/cmr/m/n/10.95 pa-ñan-do to-dos los
 []


Underfull \hbox (badness 3724) in paragraph at lines 389--390
\T1/cmr/m/n/10.95 se-guir con-cien-ti-zan-
 []


Underfull \hbox (badness 2253) in paragraph at lines 389--390
\T1/cmr/m/n/10.95 do a los es-tu-dian-
 []


Underfull \hbox (badness 2753) in paragraph at lines 389--390
\T1/cmr/m/n/10.95 del co-le-gio, fo-men-
 []

[2] [3] [4] [5] [6] [7] [8] [9]
Underfull \hbox (badness 10000) in paragraph at lines 430--431
[]|\T1/cmr/m/n/10.95 Compromiso aca-dé-mi-co,
 []

[10] (./comision.aux
LaTeX Info: Redefining \. on input line 11.
LaTeX Info: Redefining \% on input line 11.
)
 ***********
LaTeX2e <2023-11-01> patch level 1
L3 programming layer <2024-01-22>
 ***********
Package rerunfilecheck Info: File `comision.out' has not changed.
(rerunfilecheck)             Checksum: D41D8CD98F00B204E9800998ECF8427E;0.
 ) 
Here is how much of TeX's memory you used:
 12909 strings out of 474222
 197677 string characters out of 5748733
 2029975 words of memory out of 5000000
 34997 multiletter control sequences out of 15000+600000
 564269 words of font info for 56 fonts, out of 8000000 for 9000
 1141 hyphenation exceptions out of 8191
 75i,13n,79p,545b,561s stack positions out of 10000i,1000n,20000p,200000b,200000s
</usr/share/texmf/fonts/type1/public/cm-super/sfbx1095.pfb></usr/share/texmf/
fonts/type1/public/cm-super/sfrm1095.pfb>
Output written on comision.pdf (10 pages, 154017 bytes).
PDF statistics:
 70 PDF objects out of 1000 (max. 8388607)
 51 compressed objects within 1 object stream
 13 named destinations out of 1000 (max. 500000)
 6 words of extra memory for PDF output out of 10000 (max. 10000000)

